<?xml version="1.0" encoding="utf-8"?><testsuites name="pytest tests"><testsuite name="pytest" errors="0" failures="0" skipped="1" tests="23" time="6.214" timestamp="2026-08-24T15:44:06.894830+00:00" hostname="agent-env-3fb3216b-088b-4c19-879a-cbb1942d6940"><testcase classname="tests.test_iteration7_portal_public.TestAuthBasics" name="test_login_sets_httponly_cookie" time="1.438" /><testcase classname="tests.test_iteration7_portal_public.TestAuthBasics" name="test_login_bad_password" time="0.302" /><testcase classname="tests.test_iteration7_portal_public.TestAuthBasics" name="test_me_requires_auth" time="0.079" /><testcase classname="tests.test_iteration7_portal_public.TestAuthBasics" name="test_password_hash_is_bcrypt_2b" time="0.006" /><testcase classname="tests.test_iteration7_portal_public.TestBillingPortal" name="test_portal_free_user_no_customer_returns_400" time="0.380" /><testcase classname="tests.test_iteration7_portal_public.TestBillingPortal" name="test_portal_invalid_customer_returns_409_and_unsets" time="0.498" /><testcase classname="tests.test_iteration7_portal_public.TestBillingPortal" name="test_portal_valid_pro_customer_returns_billing_url" time="1.206" /><testcase classname="tests.test_iteration7_portal_public.TestBillingPortal" name="test_portal_requires_auth" time="0.073" /><testcase classname="tests.test_iteration7_portal_public.TestPublicMission" name="test_legacy_slot_without_shift_id_returns_404" time="0.082" /><testcase classname="tests.test_iteration7_portal_public.TestPublicMission" name="test_unknown_token_returns_404" time="0.080" /><testcase classname="tests.test_iteration7_portal_public.TestPublicMission" name="test_valid_token_returns_payload" time="0.084" /><testcase classname="tests.test_iteration7_portal_public.TestPublicMission" name="test_all_existing_tokens_no_500" time="0.929" /><testcase classname="tests.test_iteration7_portal_public.TestCoreRegression" name="test_read_endpoints_ok[/dashboard/summary]" time="0.038" /><testcase classname="tests.test_iteration7_portal_public.TestCoreRegression" name="test_read_endpoints_ok[/dashboard/sms-stats]" time="0.074" /><testcase classname="tests.test_iteration7_portal_public.TestCoreRegression" name="test_read_endpoints_ok[/missions]" time="0.035" /><testcase classname="tests.test_iteration7_portal_public.TestCoreRegression" name="test_read_endpoints_ok[/workers]" time="0.034" /><testcase classname="tests.test_iteration7_portal_public.TestCoreRegression" name="test_read_endpoints_ok[/plan/quota]" time="0.077" /><testcase classname="tests.test_iteration7_portal_public.TestCoreRegression" name="test_read_endpoints_ok[/onboarding/status]" time="0.039" /><testcase classname="tests.test_iteration7_portal_public.TestCoreRegression" name="test_read_endpoints_ok[/notifications/recent]" time="0.074" /><testcase classname="tests.test_iteration7_portal_public.TestCoreRegression" name="test_read_endpoints_ok[/config]" time="0.073" /><testcase classname="tests.test_iteration7_portal_public.TestCoreRegression" name="test_read_endpoints_require_auth" time="0.319" /><testcase classname="tests.test_iteration7_portal_public.TestWorkersCrud" name="test_worker_create_get_update_delete" time="0.074"><skipped type="pytest.skip" message="admin at free worker quota">/app/backend/tests/test_iteration7_portal_public.py:234: admin at free worker quota</skipped></testcase><testcase classname="tests.test_iteration7_portal_public.TestWorkersCrud" name="test_worker_invalid_payload_422" time="0.076" /></testsuite></testsuites>