<?xml version="1.0" encoding="utf-8"?><testsuites name="pytest tests"><testsuite name="pytest" errors="0" failures="0" skipped="0" tests="14" time="2.817" timestamp="2026-08-20T19:39:41.993130+00:00" hostname="agent-env-3fb3216b-088b-4c19-879a-cbb1942d6940"><testcase classname="tests.test_iteration5_duplicate_quota" name="test_quota_endpoint_shape" time="1.294" /><testcase classname="tests.test_iteration5_duplicate_quota" name="test_duplicate_blocked_402_when_free_and_quota_reached" time="0.352" /><testcase classname="tests.test_iteration5_duplicate_quota" name="test_duplicate_allowed_for_pro" time="0.252" /><testcase classname="tests.test_iteration5_duplicate_quota" name="test_pro_mission_create_and_free_block" time="0.239" /><testcase classname="tests.test_iteration5_duplicate_quota" name="test_core_endpoints_ok[/auth/me]" time="0.052" /><testcase classname="tests.test_iteration5_duplicate_quota" name="test_core_endpoints_ok[/dashboard/summary]" time="0.052" /><testcase classname="tests.test_iteration5_duplicate_quota" name="test_core_endpoints_ok[/dashboard/sms-stats]" time="0.049" /><testcase classname="tests.test_iteration5_duplicate_quota" name="test_core_endpoints_ok[/missions]" time="0.045" /><testcase classname="tests.test_iteration5_duplicate_quota" name="test_core_endpoints_ok[/workers]" time="0.054" /><testcase classname="tests.test_iteration5_duplicate_quota" name="test_core_endpoints_ok[/plan/quota]" time="0.050" /><testcase classname="tests.test_iteration5_duplicate_quota" name="test_core_endpoints_ok[/notifications/recent]" time="0.049" /><testcase classname="tests.test_iteration5_duplicate_quota" name="test_core_endpoints_ok[/onboarding/status]" time="0.052" /><testcase classname="tests.test_iteration5_duplicate_quota" name="test_core_endpoints_ok[/config]" time="0.045" /><testcase classname="tests.test_iteration5_duplicate_quota" name="test_auth_me_fields" time="0.041" /></testsuite></testsuites>