<?xml version="1.0" encoding="utf-8"?><testsuites name="pytest tests"><testsuite name="pytest" errors="0" failures="0" skipped="0" tests="32" time="6.057" timestamp="2026-08-20T19:34:21.755078+00:00" hostname="agent-env-3fb3216b-088b-4c19-879a-cbb1942d6940"><testcase classname="tests.test_iteration4_freemium_stripe.TestAuthMePlan" name="test_login_payload_has_plan" time="0.496" /><testcase classname="tests.test_iteration4_freemium_stripe.TestAuthMePlan" name="test_me_exposes_plan" time="0.048" /><testcase classname="tests.test_iteration4_freemium_stripe.TestAuthMePlan" name="test_me_requires_auth" time="0.228" /><testcase classname="tests.test_iteration4_freemium_stripe.TestOnboarding" name="test_status_flag" time="0.061" /><testcase classname="tests.test_iteration4_freemium_stripe.TestOnboarding" name="test_submit_sets_completed" time="0.144" /><testcase classname="tests.test_iteration4_freemium_stripe.TestOnboarding" name="test_submit_validation" time="0.048" /><testcase classname="tests.test_iteration4_freemium_stripe.TestOnboarding" name="test_submit_requires_auth" time="0.087" /><testcase classname="tests.test_iteration4_freemium_stripe.TestQuota" name="test_quota_shape_free" time="0.052" /><testcase classname="tests.test_iteration4_freemium_stripe.TestQuota" name="test_quota_requires_auth" time="0.092" /><testcase classname="tests.test_iteration4_freemium_stripe.TestFreemiumBlocks" name="test_post_mission_blocked_402" time="0.049" /><testcase classname="tests.test_iteration4_freemium_stripe.TestFreemiumBlocks" name="test_post_worker_blocked_402" time="0.082" /><testcase classname="tests.test_iteration4_freemium_stripe.TestFreemiumBlocks" name="test_no_leaked_mission_created" time="0.056" /><testcase classname="tests.test_iteration4_freemium_stripe.TestProBypass" name="test_quota_pro_unlimited" time="0.154" /><testcase classname="tests.test_iteration4_freemium_stripe.TestProBypass" name="test_pro_can_create_mission" time="0.110" /><testcase classname="tests.test_iteration4_freemium_stripe.TestProBypass" name="test_pro_can_create_worker" time="0.222" /><testcase classname="tests.test_iteration4_freemium_stripe.TestStripeCheckout" name="test_checkout_creates_session[shiftflow_pro_monthly-4900]" time="1.121" /><testcase classname="tests.test_iteration4_freemium_stripe.TestStripeCheckout" name="test_checkout_creates_session[shiftflow_pro_yearly-48800]" time="1.025" /><testcase classname="tests.test_iteration4_freemium_stripe.TestStripeCheckout" name="test_transaction_persisted" time="0.005" /><testcase classname="tests.test_iteration4_freemium_stripe.TestStripeCheckout" name="test_status_endpoint_no_auth" time="0.319" /><testcase classname="tests.test_iteration4_freemium_stripe.TestStripeCheckout" name="test_status_unknown_session_404" time="0.105" /><testcase classname="tests.test_iteration4_freemium_stripe.TestStripeCheckout" name="test_checkout_bad_lookup_key" time="0.243" /><testcase classname="tests.test_iteration4_freemium_stripe.TestStripeCheckout" name="test_checkout_requires_auth" time="0.129" /><testcase classname="tests.test_iteration4_freemium_stripe.TestWebhook" name="test_invalid_signature_400" time="0.095" /><testcase classname="tests.test_iteration4_freemium_stripe.TestWebhook" name="test_missing_signature_400" time="0.094" /><testcase classname="tests.test_iteration4_freemium_stripe.TestPortal" name="test_portal" time="0.317" /><testcase classname="tests.test_iteration4_freemium_stripe.TestPortal" name="test_portal_requires_auth" time="0.123" /><testcase classname="tests.test_iteration4_freemium_stripe.TestRegression" name="test_get_endpoints_ok[/api/]" time="0.101" /><testcase classname="tests.test_iteration4_freemium_stripe.TestRegression" name="test_get_endpoints_ok[/api/workers]" time="0.101" /><testcase classname="tests.test_iteration4_freemium_stripe.TestRegression" name="test_get_endpoints_ok[/api/missions]" time="0.046" /><testcase classname="tests.test_iteration4_freemium_stripe.TestRegression" name="test_get_endpoints_ok[/api/config]" time="0.079" /><testcase classname="tests.test_iteration4_freemium_stripe.TestRegression" name="test_get_endpoints_ok[/api/notifications/recent]" time="0.046" /><testcase classname="tests.test_iteration4_freemium_stripe.TestRegression" name="test_get_endpoints_ok[/api/dashboard/stats]" time="0.045" /></testsuite></testsuites>