<?xml version="1.0" encoding="utf-8"?><testsuites name="pytest tests"><testsuite name="pytest" errors="0" failures="0" skipped="0" tests="15" time="3.351" timestamp="2026-08-18T23:06:01.065714+00:00" hostname="agent-env-3fb3216b-088b-4c19-879a-cbb1942d6940"><testcase classname="tests.backend_test.TestMissionSchema" name="test_create_mission_with_shifts_and_estimated_cost" time="0.673" /><testcase classname="tests.backend_test.TestShiftCascade" name="test_select_workers_shift_level" time="0.876" /><testcase classname="tests.backend_test.TestMissionSchema" name="test_get_mission_includes_slots_and_aggregates" time="0.179" /><testcase classname="tests.backend_test.TestMissionSchema" name="test_overnight_estimate" time="0.147" /><testcase classname="tests.backend_test.TestShiftCascade" name="test_cascade_isolated_per_shift" time="0.597" /><testcase classname="tests.backend_test.TestAuth" name="test_login_admin" time="0.039" /><testcase classname="tests.backend_test.TestAuth" name="test_login_bad" time="0.322" /><testcase classname="tests.backend_test.TestPublic" name="test_public_mission_shape" time="0.409" /><testcase classname="tests.backend_test.TestShiftCascade" name="test_mission_filled_only_when_all_shifts_filled" time="0.624" /><testcase classname="tests.backend_test.TestPublic" name="test_public_bad_token" time="0.075" /><testcase classname="tests.backend_test.TestMissionLifecycle" name="test_cancel_mission_cancels_shifts" time="0.192" /><testcase classname="tests.backend_test.TestMissionLifecycle" name="test_delete_mission_removes_shifts_and_slots" time="0.235" /><testcase classname="tests.backend_test.TestConfig" name="test_config" time="0.083" /><testcase classname="tests.backend_test.TestConfig" name="test_notifications_recent" time="0.033" /><testcase classname="tests.backend_test.TestMultiTenant" name="test_isolation" time="0.568" /></testsuite></testsuites>