<?xml version="1.0" encoding="utf-8"?><testsuites name="pytest tests"><testsuite name="pytest" errors="0" failures="0" skipped="0" tests="16" time="2.147" timestamp="2026-08-19T01:17:46.315157+00:00" hostname="agent-env-3fb3216b-088b-4c19-879a-cbb1942d6940"><testcase classname="tests.test_iteration3_sms_cron.TestBackendReachable" name="test_root_ok" time="0.120" /><testcase classname="tests.test_iteration3_sms_cron.TestBackendReachable" name="test_no_5xx[/api/config]" time="0.251" /><testcase classname="tests.test_iteration3_sms_cron.TestBackendReachable" name="test_no_5xx[/api/auth/me]" time="0.113" /><testcase classname="tests.test_iteration3_sms_cron.TestAuthedEndpoints" name="test_auth_me" time="0.440" /><testcase classname="tests.test_iteration3_sms_cron.TestAuthedEndpoints" name="test_dashboard_summary" time="0.047" /><testcase classname="tests.test_iteration3_sms_cron.TestBackendReachable" name="test_no_5xx[/api/dashboard/summary]" time="0.124" /><testcase classname="tests.test_iteration3_sms_cron.TestAuthedEndpoints" name="test_sms_stats_shape" time="0.072" /><testcase classname="tests.test_iteration3_sms_cron.TestAuthedEndpoints" name="test_notifications_recent" time="0.030" /><testcase classname="tests.test_iteration3_sms_cron.TestTestSms" name="test_test_sms_returns_200_not_502" time="0.353" /><testcase classname="tests.test_iteration3_sms_cron.TestBackendReachable" name="test_no_5xx[/api/dashboard/sms-stats]" time="0.296" /><testcase classname="tests.test_iteration3_sms_cron.TestBackendReachable" name="test_no_5xx[/api/notifications/recent]" time="0.082" /><testcase classname="tests.test_iteration3_sms_cron.TestTestSms" name="test_test_sms_unauth" time="0.120" /><testcase classname="tests.test_iteration3_sms_cron.TestBackendReachable" name="test_no_5xx[/api/missions]" time="0.072" /><testcase classname="tests.test_iteration3_sms_cron.TestCronReminders" name="test_cron_without_auth_401" time="0.063" /><testcase classname="tests.test_iteration3_sms_cron.TestCronReminders" name="test_cron_with_secret_200" time="0.340" /><testcase classname="tests.test_iteration3_sms_cron.TestProfileUpdate" name="test_put_auth_me" time="0.593" /></testsuite></testsuites>