<?xml version="1.0" encoding="utf-8"?><testsuites name="pytest tests"><testsuite name="pytest" errors="0" failures="1" skipped="0" tests="100" time="14.829" timestamp="2026-08-24T15:38:40.397121+00:00" hostname="agent-env-3fb3216b-088b-4c19-879a-cbb1942d6940"><testcase classname="tests.test_iteration6_stripe_wizard_bulk.TestConfig" name="test_config_requires_auth" time="0.164" /><testcase classname="tests.test_iteration6_stripe_wizard_bulk.TestConfig" name="test_config_payload" time="0.344" /><testcase classname="tests.test_iteration6_stripe_wizard_bulk.TestConfig" name="test_stripe_keys_are_real_account" time="0.630" /><testcase classname="tests.test_iteration6_stripe_wizard_bulk.TestConfig" name="test_product_and_price_exist" time="0.221" /><testcase classname="tests.test_iteration6_stripe_wizard_bulk.TestCheckout" name="test_checkout_creates_session_without_tax" time="1.154" /><testcase classname="tests.test_iteration6_stripe_wizard_bulk.TestCheckout" name="test_checkout_bad_lookup_key" time="0.221" /><testcase classname="tests.test_iteration6_stripe_wizard_bulk.TestCheckout" name="test_checkout_requires_auth" time="0.076" /><testcase classname="tests.test_iteration6_stripe_wizard_bulk.TestCheckout" name="test_status_unknown_session" time="0.072" /><testcase classname="tests.test_iteration6_stripe_wizard_bulk.TestCheckout" name="test_webhook_rejects_invalid_signature" time="0.074" /><testcase classname="tests.test_iteration6_stripe_wizard_bulk.TestRegisterWizard" name="test_register_with_onboarding_answers" time="0.385" /><testcase classname="tests.test_iteration6_stripe_wizard_bulk.TestRegisterWizard" name="test_register_without_answers_not_onboarded" time="0.299" /><testcase classname="tests.test_iteration6_stripe_wizard_bulk.TestRegisterWizard" name="test_register_duplicate_email" time="0.103" /><testcase classname="tests.test_iteration6_stripe_wizard_bulk.TestRegisterWizard" name="test_login_sets_httponly_cookie" time="0.319" /><testcase classname="tests.test_iteration6_stripe_wizard_bulk.TestRegisterWizard" name="test_login_wrong_password" time="0.306" /><testcase classname="tests.test_iteration6_stripe_wizard_bulk.TestWorkerValidations" name="test_first_name_too_short" time="0.073" /><testcase classname="tests.test_iteration6_stripe_wizard_bulk.TestWorkerValidations" name="test_last_name_digits_rejected" time="0.030" /><testcase classname="tests.test_iteration6_stripe_wizard_bulk.TestWorkerValidations" name="test_name_too_long" time="0.071" /><testcase classname="tests.test_iteration6_stripe_wizard_bulk.TestWorkerValidations" name="test_phone_invalid" time="0.074" /><testcase classname="tests.test_iteration6_stripe_wizard_bulk.TestWorkerValidations" name="test_phone_too_short" time="0.072" /><testcase classname="tests.test_iteration6_stripe_wizard_bulk.TestWorkerValidations" name="test_email_invalid" time="0.029" /><testcase classname="tests.test_iteration6_stripe_wizard_bulk.TestWorkerValidations" name="test_accented_name_and_normalized_email_accepted" time="0.068" /><testcase classname="tests.test_iteration6_stripe_wizard_bulk.TestBulkImport" name="test_bulk_empty_list" time="0.032" /><testcase classname="tests.test_iteration6_stripe_wizard_bulk.TestBulkImport" name="test_bulk_requires_auth" time="0.067" /><testcase classname="tests.test_iteration6_stripe_wizard_bulk.TestBulkImport" name="test_bulk_invalid_row_rejected_422" time="0.036" /><testcase classname="tests.test_iteration6_stripe_wizard_bulk.TestBulkImport" name="test_bulk_creates_pro" time="0.071" /><testcase classname="tests.test_iteration6_stripe_wizard_bulk.TestBulkImport" name="test_bulk_duplicate_phone_skipped" time="0.078" /><testcase classname="tests.test_iteration6_stripe_wizard_bulk.TestBulkImport" name="test_bulk_quota_hit_on_free" time="0.036" /><testcase classname="tests.test_iteration6_stripe_wizard_bulk.TestQuotaRegression" name="test_quota_endpoint_free" time="0.035" /><testcase classname="tests.test_iteration6_stripe_wizard_bulk.TestQuotaRegression" name="test_create_mission_402_on_free_at_quota" time="0.035" /><testcase classname="tests.test_iteration6_stripe_wizard_bulk.TestQuotaRegression" name="test_duplicate_mission_402_on_free_at_quota" time="0.147" /><testcase classname="tests.test_iteration6_stripe_wizard_bulk.TestQuotaRegression" name="test_add_worker_402_on_free_at_quota" time="0.075" /><testcase classname="tests.test_iteration6_stripe_wizard_bulk.TestCoreRegression" name="test_dashboard_summary" time="0.036" /><testcase classname="tests.test_iteration6_stripe_wizard_bulk.TestCoreRegression" name="test_dashboard_sms_stats" time="0.072" /><testcase classname="tests.test_iteration6_stripe_wizard_bulk.TestCoreRegression" name="test_missions_list_and_detail" time="0.079" /><testcase classname="tests.test_iteration6_stripe_wizard_bulk.TestCoreRegression" name="test_mission_404" time="0.036" /><testcase classname="tests.test_iteration6_stripe_wizard_bulk.TestCoreRegression" name="test_notifications_recent" time="0.073" /><testcase classname="tests.test_iteration6_stripe_wizard_bulk.TestCoreRegression" name="test_public_mission_bad_token" time="0.101" /><testcase classname="tests.test_iteration6_stripe_wizard_bulk.TestWebhookUpgrade" name="test_checkout_completed_upgrades_user" time="1.363" /><testcase classname="tests.test_iteration6_stripe_wizard_bulk.TestWebhookUpgrade" name="test_subscription_deleted_downgrades" time="0.106" /><testcase classname="tests.test_iteration5_duplicate_quota" name="test_quota_endpoint_shape" time="0.398" /><testcase classname="tests.test_iteration5_duplicate_quota" name="test_duplicate_blocked_402_when_free_and_quota_reached" time="0.238" /><testcase classname="tests.test_iteration5_duplicate_quota" name="test_duplicate_allowed_for_pro" time="0.278" /><testcase classname="tests.test_iteration5_duplicate_quota" name="test_pro_mission_create_and_free_block" time="0.195" /><testcase classname="tests.test_iteration5_duplicate_quota" name="test_core_endpoints_ok[/auth/me]" time="0.059" /><testcase classname="tests.test_iteration5_duplicate_quota" name="test_core_endpoints_ok[/dashboard/summary]" time="0.041" /><testcase classname="tests.test_iteration5_duplicate_quota" name="test_core_endpoints_ok[/dashboard/sms-stats]" time="0.043" /><testcase classname="tests.test_iteration5_duplicate_quota" name="test_core_endpoints_ok[/missions]" time="0.037" /><testcase classname="tests.test_iteration5_duplicate_quota" name="test_core_endpoints_ok[/workers]" time="0.040" /><testcase classname="tests.test_iteration5_duplicate_quota" name="test_core_endpoints_ok[/plan/quota]" time="0.079" /><testcase classname="tests.test_iteration5_duplicate_quota" name="test_core_endpoints_ok[/notifications/recent]" time="0.083" /><testcase classname="tests.test_iteration5_duplicate_quota" name="test_core_endpoints_ok[/onboarding/status]" time="0.041" /><testcase classname="tests.test_iteration5_duplicate_quota" name="test_core_endpoints_ok[/config]" time="0.046" /><testcase classname="tests.test_iteration5_duplicate_quota" name="test_auth_me_fields" time="0.076" /><testcase classname="tests.test_iteration4_freemium_stripe.TestAuthMePlan" name="test_login_payload_has_plan" time="0.293" /><testcase classname="tests.test_iteration4_freemium_stripe.TestAuthMePlan" name="test_me_exposes_plan" time="0.029" /><testcase classname="tests.test_iteration4_freemium_stripe.TestAuthMePlan" name="test_me_requires_auth" time="0.080" /><testcase classname="tests.test_iteration4_freemium_stripe.TestOnboarding" name="test_status_flag" time="0.031" /><testcase classname="tests.test_iteration4_freemium_stripe.TestOnboarding" name="test_submit_sets_completed" time="0.126" /><testcase classname="tests.test_iteration4_freemium_stripe.TestOnboarding" name="test_submit_validation" time="0.070" /><testcase classname="tests.test_iteration4_freemium_stripe.TestOnboarding" name="test_submit_requires_auth" time="0.090" /><testcase classname="tests.test_iteration4_freemium_stripe.TestQuota" name="test_quota_shape_free" time="0.032" /><testcase classname="tests.test_iteration4_freemium_stripe.TestQuota" name="test_quota_requires_auth" time="0.195" /><testcase classname="tests.test_iteration4_freemium_stripe.TestFreemiumBlocks" name="test_post_mission_blocked_402" time="0.030" /><testcase classname="tests.test_iteration4_freemium_stripe.TestFreemiumBlocks" name="test_post_worker_blocked_402" time="0.029" /><testcase classname="tests.test_iteration4_freemium_stripe.TestFreemiumBlocks" name="test_no_leaked_mission_created" time="0.029" /><testcase classname="tests.test_iteration4_freemium_stripe.TestProBypass" name="test_quota_pro_unlimited" time="0.033" /><testcase classname="tests.test_iteration4_freemium_stripe.TestProBypass" name="test_pro_can_create_mission" time="0.062" /><testcase classname="tests.test_iteration4_freemium_stripe.TestProBypass" name="test_pro_can_create_worker" time="0.206" /><testcase classname="tests.test_iteration4_freemium_stripe.TestStripeCheckout" name="test_checkout_creates_session[shiftflow_pro_monthly-4900]" time="0.872" /><testcase classname="tests.test_iteration4_freemium_stripe.TestStripeCheckout" name="test_transaction_persisted" time="0.003" /><testcase classname="tests.test_iteration4_freemium_stripe.TestStripeCheckout" name="test_status_endpoint_no_auth" time="0.322" /><testcase classname="tests.test_iteration4_freemium_stripe.TestStripeCheckout" name="test_status_unknown_session_404" time="0.137" /><testcase classname="tests.test_iteration4_freemium_stripe.TestStripeCheckout" name="test_checkout_bad_lookup_key" time="0.260" /><testcase classname="tests.test_iteration4_freemium_stripe.TestStripeCheckout" name="test_checkout_requires_auth" time="0.134" /><testcase classname="tests.test_iteration4_freemium_stripe.TestWebhook" name="test_invalid_signature_400" time="0.085" /><testcase classname="tests.test_iteration4_freemium_stripe.TestWebhook" name="test_missing_signature_400" time="0.068" /><testcase classname="tests.test_iteration4_freemium_stripe.TestPortal" name="test_portal" time="0.239"><failure message="AssertionError: 500 Internal Server Error&#10;assert 500 in (200, 400)&#10; +  where 500 = &lt;Response [500]&gt;.status_code">E   AssertionError: 500 Internal Server Error
    assert 500 in (200, 400)
     +  where 500 = &lt;Response [500]&gt;.status_code</failure></testcase><testcase classname="tests.test_iteration4_freemium_stripe.TestPortal" name="test_portal_requires_auth" time="0.086" /><testcase classname="tests.test_iteration4_freemium_stripe.TestRegression" name="test_get_endpoints_ok[/api/]" time="0.068" /><testcase classname="tests.test_iteration4_freemium_stripe.TestRegression" name="test_get_endpoints_ok[/api/workers]" time="0.029" /><testcase classname="tests.test_iteration4_freemium_stripe.TestRegression" name="test_get_endpoints_ok[/api/missions]" time="0.030" /><testcase classname="tests.test_iteration4_freemium_stripe.TestRegression" name="test_get_endpoints_ok[/api/config]" time="0.069" /><testcase classname="tests.test_iteration4_freemium_stripe.TestRegression" name="test_get_endpoints_ok[/api/notifications/recent]" time="0.031" /><testcase classname="tests.test_iteration4_freemium_stripe.TestRegression" name="test_get_endpoints_ok[/api/dashboard/stats]" time="0.070" /><testcase classname="tests.test_iteration3_sms_cron.TestBackendReachable" name="test_root_ok" time="0.071" /><testcase classname="tests.test_iteration3_sms_cron.TestBackendReachable" name="test_no_5xx[/api/config]" time="0.069" /><testcase classname="tests.test_iteration3_sms_cron.TestBackendReachable" name="test_no_5xx[/api/auth/me]" time="0.082" /><testcase classname="tests.test_iteration3_sms_cron.TestBackendReachable" name="test_no_5xx[/api/dashboard/summary]" time="0.076" /><testcase classname="tests.test_iteration3_sms_cron.TestBackendReachable" name="test_no_5xx[/api/dashboard/sms-stats]" time="0.086" /><testcase classname="tests.test_iteration3_sms_cron.TestBackendReachable" name="test_no_5xx[/api/notifications/recent]" time="0.074" /><testcase classname="tests.test_iteration3_sms_cron.TestBackendReachable" name="test_no_5xx[/api/missions]" time="0.068" /><testcase classname="tests.test_iteration3_sms_cron.TestAuthedEndpoints" name="test_auth_me" time="0.387" /><testcase classname="tests.test_iteration3_sms_cron.TestAuthedEndpoints" name="test_dashboard_summary" time="0.042" /><testcase classname="tests.test_iteration3_sms_cron.TestAuthedEndpoints" name="test_sms_stats_shape" time="0.041" /><testcase classname="tests.test_iteration3_sms_cron.TestAuthedEndpoints" name="test_notifications_recent" time="0.033" /><testcase classname="tests.test_iteration3_sms_cron.TestTestSms" name="test_test_sms_returns_200_not_502" time="0.306" /><testcase classname="tests.test_iteration3_sms_cron.TestTestSms" name="test_test_sms_unauth" time="0.123" /><testcase classname="tests.test_iteration3_sms_cron.TestCronReminders" name="test_cron_without_auth_401" time="0.077" /><testcase classname="tests.test_iteration3_sms_cron.TestCronReminders" name="test_cron_with_secret_200" time="0.140" /><testcase classname="tests.test_iteration3_sms_cron.TestProfileUpdate" name="test_put_auth_me" time="0.208" /></testsuite></testsuites>