<?xml version="1.0" encoding="utf-8"?><testsuites name="pytest tests"><testsuite name="pytest" errors="0" failures="0" skipped="0" tests="37" time="6.118" timestamp="2026-08-24T15:27:28.841773+00:00" hostname="agent-env-3fb3216b-088b-4c19-879a-cbb1942d6940"><testcase classname="tests.test_iteration6_stripe_wizard_bulk.TestConfig" name="test_config_requires_auth" time="0.142" /><testcase classname="tests.test_iteration6_stripe_wizard_bulk.TestConfig" name="test_config_payload" time="0.345" /><testcase classname="tests.test_iteration6_stripe_wizard_bulk.TestConfig" name="test_stripe_keys_are_real_account" time="0.717" /><testcase classname="tests.test_iteration6_stripe_wizard_bulk.TestConfig" name="test_product_and_price_exist" time="0.162" /><testcase classname="tests.test_iteration6_stripe_wizard_bulk.TestCheckout" name="test_checkout_creates_session_without_tax" time="1.087" /><testcase classname="tests.test_iteration6_stripe_wizard_bulk.TestCheckout" name="test_checkout_bad_lookup_key" time="0.186" /><testcase classname="tests.test_iteration6_stripe_wizard_bulk.TestCheckout" name="test_checkout_requires_auth" time="0.102" /><testcase classname="tests.test_iteration6_stripe_wizard_bulk.TestCheckout" name="test_status_unknown_session" time="0.074" /><testcase classname="tests.test_iteration6_stripe_wizard_bulk.TestCheckout" name="test_webhook_rejects_invalid_signature" time="0.072" /><testcase classname="tests.test_iteration6_stripe_wizard_bulk.TestRegisterWizard" name="test_register_with_onboarding_answers" time="0.379" /><testcase classname="tests.test_iteration6_stripe_wizard_bulk.TestRegisterWizard" name="test_register_without_answers_not_onboarded" time="0.320" /><testcase classname="tests.test_iteration6_stripe_wizard_bulk.TestRegisterWizard" name="test_register_duplicate_email" time="0.072" /><testcase classname="tests.test_iteration6_stripe_wizard_bulk.TestRegisterWizard" name="test_login_sets_httponly_cookie" time="0.295" /><testcase classname="tests.test_iteration6_stripe_wizard_bulk.TestRegisterWizard" name="test_login_wrong_password" time="0.296" /><testcase classname="tests.test_iteration6_stripe_wizard_bulk.TestWorkerValidations" name="test_first_name_too_short" time="0.048" /><testcase classname="tests.test_iteration6_stripe_wizard_bulk.TestWorkerValidations" name="test_last_name_digits_rejected" time="0.049" /><testcase classname="tests.test_iteration6_stripe_wizard_bulk.TestWorkerValidations" name="test_name_too_long" time="0.144" /><testcase classname="tests.test_iteration6_stripe_wizard_bulk.TestWorkerValidations" name="test_phone_invalid" time="0.029" /><testcase classname="tests.test_iteration6_stripe_wizard_bulk.TestWorkerValidations" name="test_phone_too_short" time="0.046" /><testcase classname="tests.test_iteration6_stripe_wizard_bulk.TestWorkerValidations" name="test_email_invalid" time="0.052" /><testcase classname="tests.test_iteration6_stripe_wizard_bulk.TestWorkerValidations" name="test_accented_name_and_normalized_email_accepted" time="0.075" /><testcase classname="tests.test_iteration6_stripe_wizard_bulk.TestBulkImport" name="test_bulk_empty_list" time="0.034" /><testcase classname="tests.test_iteration6_stripe_wizard_bulk.TestBulkImport" name="test_bulk_requires_auth" time="0.118" /><testcase classname="tests.test_iteration6_stripe_wizard_bulk.TestBulkImport" name="test_bulk_invalid_row_rejected_422" time="0.034" /><testcase classname="tests.test_iteration6_stripe_wizard_bulk.TestBulkImport" name="test_bulk_creates_pro" time="0.180" /><testcase classname="tests.test_iteration6_stripe_wizard_bulk.TestBulkImport" name="test_bulk_duplicate_phone_skipped" time="0.159" /><testcase classname="tests.test_iteration6_stripe_wizard_bulk.TestBulkImport" name="test_bulk_quota_hit_on_free" time="0.035" /><testcase classname="tests.test_iteration6_stripe_wizard_bulk.TestQuotaRegression" name="test_quota_endpoint_free" time="0.044" /><testcase classname="tests.test_iteration6_stripe_wizard_bulk.TestQuotaRegression" name="test_create_mission_402_on_free_at_quota" time="0.036" /><testcase classname="tests.test_iteration6_stripe_wizard_bulk.TestQuotaRegression" name="test_duplicate_mission_402_on_free_at_quota" time="0.171" /><testcase classname="tests.test_iteration6_stripe_wizard_bulk.TestQuotaRegression" name="test_add_worker_402_on_free_at_quota" time="0.076" /><testcase classname="tests.test_iteration6_stripe_wizard_bulk.TestCoreRegression" name="test_dashboard_summary" time="0.043" /><testcase classname="tests.test_iteration6_stripe_wizard_bulk.TestCoreRegression" name="test_dashboard_sms_stats" time="0.075" /><testcase classname="tests.test_iteration6_stripe_wizard_bulk.TestCoreRegression" name="test_missions_list_and_detail" time="0.077" /><testcase classname="tests.test_iteration6_stripe_wizard_bulk.TestCoreRegression" name="test_mission_404" time="0.034" /><testcase classname="tests.test_iteration6_stripe_wizard_bulk.TestCoreRegression" name="test_notifications_recent" time="0.042" /><testcase classname="tests.test_iteration6_stripe_wizard_bulk.TestCoreRegression" name="test_public_mission_bad_token" time="0.096" /></testsuite></testsuites>